MaxBin 2.2.7
Thread: 6
Input contig: /mnt/c/users/honor/desktop/metagenomes/results/assembly_SRR1106693/contigs.fasta
Located reads file [/mnt/c/users/honor/desktop/metagenomes/trimmed/SRR1106693_1.trim.fastq.gz]
Located reads file [/mnt/c/users/honor/desktop/metagenomes/trimmed/SRR1106693_2.trim.fastq.gz]
out header: /mnt/c/users/honor/desktop/metagenomes/results/MAXBIN/SRR1106693
Running Bowtie2 on reads file [/mnt/c/users/honor/desktop/metagenomes/trimmed/SRR1106693_1.trim.fastq.gz]...this may take a while...
Running Bowtie2 on reads file [/mnt/c/users/honor/desktop/metagenomes/trimmed/SRR1106693_2.trim.fastq.gz]...this may take a while...
Searching against 107 marker genes to find starting seed contigs for [/mnt/c/users/honor/desktop/metagenomes/results/assembly_SRR1106693/contigs.fasta]...
Try harder to dig out marker genes from contigs.
Done data collection. Running MaxBin...
Command: /mnt/c/users/honor/desktop/software/MaxBin-2.2.7/src/MaxBin -fasta /mnt/c/users/honor/desktop/metagenomes/results/MAXBIN/SRR1106693.contig.tmp  -abund /mnt/c/users/honor/desktop/metagenomes/results/MAXBIN/SRR1106693.contig.tmp.reads.abund1 -abund2 /mnt/c/users/honor/desktop/metagenomes/results/MAXBIN/SRR1106693.contig.tmp.reads.abund2 -seed /mnt/c/users/honor/desktop/metagenomes/results/MAXBIN/SRR1106693.seed -out /mnt/c/users/honor/desktop/metagenomes/results/MAXBIN/SRR1106693 -min_contig_length 1000 -thread 6
Minimum contig length set to 1000.
Reading seed list...
Looking for seeds in sequences.
	NODE_1181_length_1122_cov_1.673852 [1.870766] [2.463458]
	NODE_1494_length_1054_cov_1.332332 [1.697343] [1.981025]
Get 2 seeds.

Start EM process.
Iteration 1
Iteration 2
Iteration 3
Iteration 4
Iteration 5
Iteration 6
Iteration 7
Iteration 8
Iteration 9
Iteration 10
Iteration 11
Iteration 12
Iteration 13
Iteration 14
Iteration 15
Iteration 16
Iteration 17

EM finishes successfully.

Classifying sequences based on the EM result.
Minimum probability for binning: 0.50
Ignoring 0 bins without any sequences.
Number of unclassified sequences: 0 (0.00%)
Elapsed time:  0 days 00:00:01

Deleting intermediate files.


========== Job finished ==========
Yielded 2 bins for contig (scaffold) file /mnt/c/users/honor/desktop/metagenomes/results/assembly_SRR1106693/contigs.fasta

Here are the output files for this run.
Please refer to the README file for further details.

Summary file: /mnt/c/users/honor/desktop/metagenomes/results/MAXBIN/SRR1106693.summary
Genome abundance info file: /mnt/c/users/honor/desktop/metagenomes/results/MAXBIN/SRR1106693.abundance
Marker counts: /mnt/c/users/honor/desktop/metagenomes/results/MAXBIN/SRR1106693.marker
Marker genes for each bin: /mnt/c/users/honor/desktop/metagenomes/results/MAXBIN/SRR1106693.marker_of_each_gene.tar.gz
Bin files: /mnt/c/users/honor/desktop/metagenomes/results/MAXBIN/SRR1106693.001.fasta - /mnt/c/users/honor/desktop/metagenomes/results/MAXBIN/SRR1106693.002.fasta
Unbinned sequences: /mnt/c/users/honor/desktop/metagenomes/results/MAXBIN/SRR1106693.noclass

Store abundance information of reads file [/mnt/c/users/honor/desktop/metagenomes/trimmed/SRR1106693_1.trim.fastq.gz] in [/mnt/c/users/honor/desktop/metagenomes/results/MAXBIN/SRR1106693.abund1].
Store abundance information of reads file [/mnt/c/users/honor/desktop/metagenomes/trimmed/SRR1106693_2.trim.fastq.gz] in [/mnt/c/users/honor/desktop/metagenomes/results/MAXBIN/SRR1106693.abund2].


========== Elapsed Time ==========
0 hours 2 minutes and 26 seconds.

